{"/Users/bigupjoshua/Desktop/La_Fosse/LAP3/project-week/back_end/Reddy_3_2_Back_End-/server.js": {"path":"/Users/bigupjoshua/Desktop/La_Fosse/LAP3/project-week/back_end/Reddy_3_2_Back_End-/server.js","statementMap":{"0":{"start":{"line":1,"column":0},"end":{"line":1,"column":27}},"1":{"start":{"line":3,"column":13},"end":{"line":3,"column":28}},"2":{"start":{"line":4,"column":16},"end":{"line":4,"column":34}},"3":{"start":{"line":5,"column":17},"end":{"line":5,"column":36}},"4":{"start":{"line":7,"column":12},"end":{"line":7,"column":21}},"5":{"start":{"line":9,"column":0},"end":{"line":9,"column":16}},"6":{"start":{"line":10,"column":0},"end":{"line":10,"column":24}},"7":{"start":{"line":13,"column":25},"end":{"line":13,"column":56}},"8":{"start":{"line":14,"column":25},"end":{"line":14,"column":55}},"9":{"start":{"line":15,"column":23},"end":{"line":15,"column":51}},"10":{"start":{"line":16,"column":21},"end":{"line":16,"column":47}},"11":{"start":{"line":17,"column":19},"end":{"line":17,"column":44}},"12":{"start":{"line":21,"column":0},"end":{"line":23,"column":2}},"13":{"start":{"line":22,"column":4},"end":{"line":22,"column":56}},"14":{"start":{"line":25,"column":0},"end":{"line":25,"column":41}},"15":{"start":{"line":26,"column":0},"end":{"line":26,"column":40}},"16":{"start":{"line":27,"column":0},"end":{"line":27,"column":36}},"17":{"start":{"line":28,"column":0},"end":{"line":28,"column":33}},"18":{"start":{"line":29,"column":0},"end":{"line":29,"column":29}},"19":{"start":{"line":32,"column":0},"end":{"line":42,"column":5}},"20":{"start":{"line":36,"column":4},"end":{"line":38,"column":7}},"21":{"start":{"line":37,"column":6},"end":{"line":37,"column":57}},"22":{"start":{"line":41,"column":4},"end":{"line":41,"column":23}},"23":{"start":{"line":45,"column":2},"end":{"line":45,"column":22}}},"fnMap":{"0":{"name":"(anonymous_0)","decl":{"start":{"line":21,"column":13},"end":{"line":21,"column":14}},"loc":{"start":{"line":21,"column":27},"end":{"line":23,"column":1}},"line":21},"1":{"name":"(anonymous_1)","decl":{"start":{"line":34,"column":8},"end":{"line":34,"column":9}},"loc":{"start":{"line":34,"column":14},"end":{"line":39,"column":3}},"line":34},"2":{"name":"(anonymous_2)","decl":{"start":{"line":36,"column":33},"end":{"line":36,"column":34}},"loc":{"start":{"line":36,"column":39},"end":{"line":38,"column":5}},"line":36},"3":{"name":"(anonymous_3)","decl":{"start":{"line":40,"column":9},"end":{"line":40,"column":10}},"loc":{"start":{"line":40,"column":20},"end":{"line":42,"column":3}},"line":40}},"branchMap":{},"s":{"0":3,"1":3,"2":3,"3":3,"4":3,"5":3,"6":3,"7":3,"8":3,"9":3,"10":3,"11":3,"12":3,"13":0,"14":3,"15":3,"16":3,"17":3,"18":3,"19":3,"20":3,"21":0,"22":0,"23":3},"f":{"0":0,"1":3,"2":0,"3":0},"b":{},"_coverageSchema":"1a1c01bbd47fc00a2c39e90264f33305004495a9","hash":"9684b6084980e507de574889e5a607df8a98a849"}
,"/Users/bigupjoshua/Desktop/La_Fosse/LAP3/project-week/back_end/Reddy_3_2_Back_End-/controllers/commentsController.js": {"path":"/Users/bigupjoshua/Desktop/La_Fosse/LAP3/project-week/back_end/Reddy_3_2_Back_End-/controllers/commentsController.js","statementMap":{"0":{"start":{"line":1,"column":17},"end":{"line":1,"column":36}},"1":{"start":{"line":2,"column":17},"end":{"line":2,"column":46}},"2":{"start":{"line":5,"column":14},"end":{"line":8,"column":1}},"3":{"start":{"line":6,"column":20},"end":{"line":6,"column":67}},"4":{"start":{"line":7,"column":4},"end":{"line":7,"column":33}},"5":{"start":{"line":10,"column":19},"end":{"line":20,"column":1}},"6":{"start":{"line":11,"column":19},"end":{"line":11,"column":29}},"7":{"start":{"line":13,"column":20},"end":{"line":13,"column":56}},"8":{"start":{"line":15,"column":4},"end":{"line":17,"column":5}},"9":{"start":{"line":16,"column":8},"end":{"line":16,"column":67}},"10":{"start":{"line":19,"column":4},"end":{"line":19,"column":33}},"11":{"start":{"line":22,"column":15},"end":{"line":31,"column":1}},"12":{"start":{"line":23,"column":41},"end":{"line":23,"column":49}},"13":{"start":{"line":25,"column":4},"end":{"line":30,"column":5}},"14":{"start":{"line":26,"column":27},"end":{"line":26,"column":78}},"15":{"start":{"line":27,"column":8},"end":{"line":27,"column":40}},"16":{"start":{"line":29,"column":8},"end":{"line":29,"column":49}},"17":{"start":{"line":33,"column":22},"end":{"line":42,"column":1}},"18":{"start":{"line":34,"column":19},"end":{"line":34,"column":29}},"19":{"start":{"line":36,"column":4},"end":{"line":41,"column":5}},"20":{"start":{"line":37,"column":26},"end":{"line":37,"column":74}},"21":{"start":{"line":38,"column":4},"end":{"line":38,"column":39}},"22":{"start":{"line":40,"column":8},"end":{"line":40,"column":50}},"23":{"start":{"line":44,"column":22},"end":{"line":50,"column":1}},"24":{"start":{"line":45,"column":19},"end":{"line":45,"column":29}},"25":{"start":{"line":47,"column":26},"end":{"line":47,"column":86}},"26":{"start":{"line":49,"column":4},"end":{"line":49,"column":39}},"27":{"start":{"line":53,"column":0},"end":{"line":59,"column":1}}},"fnMap":{"0":{"name":"(anonymous_0)","decl":{"start":{"line":5,"column":14},"end":{"line":5,"column":15}},"loc":{"start":{"line":5,"column":34},"end":{"line":8,"column":1}},"line":5},"1":{"name":"(anonymous_1)","decl":{"start":{"line":10,"column":19},"end":{"line":10,"column":20}},"loc":{"start":{"line":10,"column":39},"end":{"line":20,"column":1}},"line":10},"2":{"name":"(anonymous_2)","decl":{"start":{"line":22,"column":15},"end":{"line":22,"column":16}},"loc":{"start":{"line":22,"column":35},"end":{"line":31,"column":1}},"line":22},"3":{"name":"(anonymous_3)","decl":{"start":{"line":33,"column":22},"end":{"line":33,"column":23}},"loc":{"start":{"line":33,"column":42},"end":{"line":42,"column":1}},"line":33},"4":{"name":"(anonymous_4)","decl":{"start":{"line":44,"column":22},"end":{"line":44,"column":23}},"loc":{"start":{"line":44,"column":42},"end":{"line":50,"column":1}},"line":44}},"branchMap":{"0":{"loc":{"start":{"line":15,"column":4},"end":{"line":17,"column":5}},"type":"if","locations":[{"start":{"line":15,"column":4},"end":{"line":17,"column":5}},{"start":{},"end":{}}],"line":15}},"s":{"0":3,"1":3,"2":3,"3":1,"4":1,"5":3,"6":1,"7":1,"8":1,"9":0,"10":1,"11":3,"12":1,"13":1,"14":1,"15":1,"16":0,"17":3,"18":1,"19":1,"20":1,"21":1,"22":0,"23":3,"24":0,"25":0,"26":0,"27":3},"f":{"0":1,"1":1,"2":1,"3":1,"4":0},"b":{"0":[0,1]},"_coverageSchema":"1a1c01bbd47fc00a2c39e90264f33305004495a9","hash":"12de615733c91fe44b1f98af4ad2c4bab016bc22"}
,"/Users/bigupjoshua/Desktop/La_Fosse/LAP3/project-week/back_end/Reddy_3_2_Back_End-/controllers/flashCardsController.js": {"path":"/Users/bigupjoshua/Desktop/La_Fosse/LAP3/project-week/back_end/Reddy_3_2_Back_End-/controllers/flashCardsController.js","statementMap":{"0":{"start":{"line":1,"column":17},"end":{"line":1,"column":36}},"1":{"start":{"line":2,"column":18},"end":{"line":2,"column":49}},"2":{"start":{"line":4,"column":14},"end":{"line":7,"column":1}},"3":{"start":{"line":5,"column":22},"end":{"line":5,"column":70}},"4":{"start":{"line":6,"column":4},"end":{"line":6,"column":35}},"5":{"start":{"line":9,"column":16},"end":{"line":18,"column":1}},"6":{"start":{"line":10,"column":19},"end":{"line":10,"column":29}},"7":{"start":{"line":11,"column":21},"end":{"line":11,"column":58}},"8":{"start":{"line":13,"column":4},"end":{"line":15,"column":5}},"9":{"start":{"line":14,"column":8},"end":{"line":14,"column":60}},"10":{"start":{"line":16,"column":4},"end":{"line":16,"column":34}},"11":{"start":{"line":20,"column":22},"end":{"line":30,"column":1}},"12":{"start":{"line":21,"column":43},"end":{"line":21,"column":51}},"13":{"start":{"line":22,"column":4},"end":{"line":28,"column":5}},"14":{"start":{"line":23,"column":21},"end":{"line":23,"column":76}},"15":{"start":{"line":24,"column":8},"end":{"line":24,"column":34}},"16":{"start":{"line":27,"column":8},"end":{"line":27,"column":52}},"17":{"start":{"line":32,"column":19},"end":{"line":51,"column":1}},"18":{"start":{"line":33,"column":17},"end":{"line":33,"column":27}},"19":{"start":{"line":35,"column":4},"end":{"line":37,"column":5}},"20":{"start":{"line":36,"column":8},"end":{"line":36,"column":60}},"21":{"start":{"line":39,"column":24},"end":{"line":41,"column":6}},"22":{"start":{"line":44,"column":4},"end":{"line":46,"column":5}},"23":{"start":{"line":45,"column":8},"end":{"line":45,"column":60}},"24":{"start":{"line":47,"column":4},"end":{"line":47,"column":37}},"25":{"start":{"line":53,"column":20},"end":{"line":65,"column":1}},"26":{"start":{"line":54,"column":17},"end":{"line":54,"column":27}},"27":{"start":{"line":56,"column":4},"end":{"line":58,"column":5}},"28":{"start":{"line":57,"column":8},"end":{"line":57,"column":60}},"29":{"start":{"line":59,"column":24},"end":{"line":59,"column":67}},"30":{"start":{"line":61,"column":4},"end":{"line":63,"column":5}},"31":{"start":{"line":62,"column":8},"end":{"line":62,"column":60}},"32":{"start":{"line":64,"column":4},"end":{"line":64,"column":37}},"33":{"start":{"line":67,"column":0},"end":{"line":73,"column":1}}},"fnMap":{"0":{"name":"(anonymous_0)","decl":{"start":{"line":4,"column":14},"end":{"line":4,"column":15}},"loc":{"start":{"line":4,"column":34},"end":{"line":7,"column":1}},"line":4},"1":{"name":"(anonymous_1)","decl":{"start":{"line":9,"column":16},"end":{"line":9,"column":17}},"loc":{"start":{"line":9,"column":36},"end":{"line":18,"column":1}},"line":9},"2":{"name":"(anonymous_2)","decl":{"start":{"line":20,"column":22},"end":{"line":20,"column":23}},"loc":{"start":{"line":20,"column":42},"end":{"line":30,"column":1}},"line":20},"3":{"name":"(anonymous_3)","decl":{"start":{"line":32,"column":19},"end":{"line":32,"column":20}},"loc":{"start":{"line":32,"column":39},"end":{"line":51,"column":1}},"line":32},"4":{"name":"(anonymous_4)","decl":{"start":{"line":53,"column":20},"end":{"line":53,"column":21}},"loc":{"start":{"line":53,"column":40},"end":{"line":65,"column":1}},"line":53}},"branchMap":{"0":{"loc":{"start":{"line":13,"column":4},"end":{"line":15,"column":5}},"type":"if","locations":[{"start":{"line":13,"column":4},"end":{"line":15,"column":5}},{"start":{},"end":{}}],"line":13},"1":{"loc":{"start":{"line":35,"column":4},"end":{"line":37,"column":5}},"type":"if","locations":[{"start":{"line":35,"column":4},"end":{"line":37,"column":5}},{"start":{},"end":{}}],"line":35},"2":{"loc":{"start":{"line":44,"column":4},"end":{"line":46,"column":5}},"type":"if","locations":[{"start":{"line":44,"column":4},"end":{"line":46,"column":5}},{"start":{},"end":{}}],"line":44},"3":{"loc":{"start":{"line":56,"column":4},"end":{"line":58,"column":5}},"type":"if","locations":[{"start":{"line":56,"column":4},"end":{"line":58,"column":5}},{"start":{},"end":{}}],"line":56},"4":{"loc":{"start":{"line":61,"column":4},"end":{"line":63,"column":5}},"type":"if","locations":[{"start":{"line":61,"column":4},"end":{"line":63,"column":5}},{"start":{},"end":{}}],"line":61}},"s":{"0":3,"1":3,"2":3,"3":0,"4":0,"5":3,"6":0,"7":0,"8":0,"9":0,"10":0,"11":3,"12":0,"13":0,"14":0,"15":0,"16":0,"17":3,"18":0,"19":0,"20":0,"21":0,"22":0,"23":0,"24":0,"25":3,"26":0,"27":0,"28":0,"29":0,"30":0,"31":0,"32":0,"33":3},"f":{"0":0,"1":0,"2":0,"3":0,"4":0},"b":{"0":[0,0],"1":[0,0],"2":[0,0],"3":[0,0],"4":[0,0]},"_coverageSchema":"1a1c01bbd47fc00a2c39e90264f33305004495a9","hash":"eedf0f8dfb65e37684daa55420c97ae0acc35a0f"}
,"/Users/bigupjoshua/Desktop/La_Fosse/LAP3/project-week/back_end/Reddy_3_2_Back_End-/controllers/flashStackController.js": {"path":"/Users/bigupjoshua/Desktop/La_Fosse/LAP3/project-week/back_end/Reddy_3_2_Back_End-/controllers/flashStackController.js","statementMap":{"0":{"start":{"line":1,"column":17},"end":{"line":1,"column":36}},"1":{"start":{"line":2,"column":19},"end":{"line":2,"column":51}},"2":{"start":{"line":4,"column":14},"end":{"line":9,"column":1}},"3":{"start":{"line":6,"column":19},"end":{"line":6,"column":31}},"4":{"start":{"line":7,"column":24},"end":{"line":7,"column":81}},"5":{"start":{"line":8,"column":4},"end":{"line":8,"column":37}},"6":{"start":{"line":11,"column":15},"end":{"line":22,"column":1}},"7":{"start":{"line":12,"column":19},"end":{"line":12,"column":31}},"8":{"start":{"line":13,"column":55},"end":{"line":13,"column":63}},"9":{"start":{"line":16,"column":4},"end":{"line":21,"column":5}},"10":{"start":{"line":17,"column":27},"end":{"line":17,"column":103}},"11":{"start":{"line":18,"column":8},"end":{"line":18,"column":40}},"12":{"start":{"line":20,"column":8},"end":{"line":20,"column":54}},"13":{"start":{"line":24,"column":13},"end":{"line":36,"column":1}},"14":{"start":{"line":25,"column":19},"end":{"line":25,"column":29}},"15":{"start":{"line":27,"column":4},"end":{"line":29,"column":5}},"16":{"start":{"line":28,"column":8},"end":{"line":28,"column":70}},"17":{"start":{"line":31,"column":23},"end":{"line":31,"column":52}},"18":{"start":{"line":32,"column":4},"end":{"line":34,"column":5}},"19":{"start":{"line":33,"column":8},"end":{"line":33,"column":89}},"20":{"start":{"line":35,"column":4},"end":{"line":35,"column":36}},"21":{"start":{"line":38,"column":16},"end":{"line":49,"column":1}},"22":{"start":{"line":39,"column":19},"end":{"line":39,"column":29}},"23":{"start":{"line":40,"column":4},"end":{"line":42,"column":5}},"24":{"start":{"line":41,"column":8},"end":{"line":41,"column":70}},"25":{"start":{"line":44,"column":23},"end":{"line":44,"column":69}},"26":{"start":{"line":45,"column":4},"end":{"line":47,"column":5}},"27":{"start":{"line":46,"column":8},"end":{"line":46,"column":89}},"28":{"start":{"line":48,"column":4},"end":{"line":48,"column":36}},"29":{"start":{"line":51,"column":15},"end":{"line":65,"column":1}},"30":{"start":{"line":52,"column":19},"end":{"line":52,"column":29}},"31":{"start":{"line":53,"column":4},"end":{"line":55,"column":5}},"32":{"start":{"line":54,"column":8},"end":{"line":54,"column":70}},"33":{"start":{"line":57,"column":23},"end":{"line":59,"column":6}},"34":{"start":{"line":61,"column":4},"end":{"line":63,"column":5}},"35":{"start":{"line":62,"column":8},"end":{"line":62,"column":89}},"36":{"start":{"line":64,"column":4},"end":{"line":64,"column":36}},"37":{"start":{"line":67,"column":0},"end":{"line":73,"column":1}}},"fnMap":{"0":{"name":"(anonymous_0)","decl":{"start":{"line":4,"column":14},"end":{"line":4,"column":15}},"loc":{"start":{"line":4,"column":34},"end":{"line":9,"column":1}},"line":4},"1":{"name":"(anonymous_1)","decl":{"start":{"line":11,"column":15},"end":{"line":11,"column":16}},"loc":{"start":{"line":11,"column":35},"end":{"line":22,"column":1}},"line":11},"2":{"name":"(anonymous_2)","decl":{"start":{"line":24,"column":13},"end":{"line":24,"column":14}},"loc":{"start":{"line":24,"column":33},"end":{"line":36,"column":1}},"line":24},"3":{"name":"(anonymous_3)","decl":{"start":{"line":38,"column":16},"end":{"line":38,"column":17}},"loc":{"start":{"line":38,"column":36},"end":{"line":49,"column":1}},"line":38},"4":{"name":"(anonymous_4)","decl":{"start":{"line":51,"column":15},"end":{"line":51,"column":16}},"loc":{"start":{"line":51,"column":35},"end":{"line":65,"column":1}},"line":51}},"branchMap":{"0":{"loc":{"start":{"line":27,"column":4},"end":{"line":29,"column":5}},"type":"if","locations":[{"start":{"line":27,"column":4},"end":{"line":29,"column":5}},{"start":{},"end":{}}],"line":27},"1":{"loc":{"start":{"line":32,"column":4},"end":{"line":34,"column":5}},"type":"if","locations":[{"start":{"line":32,"column":4},"end":{"line":34,"column":5}},{"start":{},"end":{}}],"line":32},"2":{"loc":{"start":{"line":40,"column":4},"end":{"line":42,"column":5}},"type":"if","locations":[{"start":{"line":40,"column":4},"end":{"line":42,"column":5}},{"start":{},"end":{}}],"line":40},"3":{"loc":{"start":{"line":45,"column":4},"end":{"line":47,"column":5}},"type":"if","locations":[{"start":{"line":45,"column":4},"end":{"line":47,"column":5}},{"start":{},"end":{}}],"line":45},"4":{"loc":{"start":{"line":53,"column":4},"end":{"line":55,"column":5}},"type":"if","locations":[{"start":{"line":53,"column":4},"end":{"line":55,"column":5}},{"start":{},"end":{}}],"line":53},"5":{"loc":{"start":{"line":61,"column":4},"end":{"line":63,"column":5}},"type":"if","locations":[{"start":{"line":61,"column":4},"end":{"line":63,"column":5}},{"start":{},"end":{}}],"line":61}},"s":{"0":3,"1":3,"2":3,"3":1,"4":1,"5":1,"6":3,"7":1,"8":1,"9":1,"10":1,"11":1,"12":0,"13":3,"14":1,"15":1,"16":0,"17":1,"18":1,"19":0,"20":1,"21":3,"22":0,"23":0,"24":0,"25":0,"26":0,"27":0,"28":0,"29":3,"30":0,"31":0,"32":0,"33":0,"34":0,"35":0,"36":0,"37":3},"f":{"0":1,"1":1,"2":1,"3":0,"4":0},"b":{"0":[0,1],"1":[0,1],"2":[0,0],"3":[0,0],"4":[0,0],"5":[0,0]},"_coverageSchema":"1a1c01bbd47fc00a2c39e90264f33305004495a9","hash":"ec4ac00320646754023c6a91e6e4f9eec7d9c4f1"}
,"/Users/bigupjoshua/Desktop/La_Fosse/LAP3/project-week/back_end/Reddy_3_2_Back_End-/controllers/threadController.js": {"path":"/Users/bigupjoshua/Desktop/La_Fosse/LAP3/project-week/back_end/Reddy_3_2_Back_End-/controllers/threadController.js","statementMap":{"0":{"start":{"line":1,"column":17},"end":{"line":1,"column":36}},"1":{"start":{"line":2,"column":15},"end":{"line":2,"column":42}},"2":{"start":{"line":4,"column":14},"end":{"line":7,"column":1}},"3":{"start":{"line":5,"column":17},"end":{"line":5,"column":62}},"4":{"start":{"line":6,"column":2},"end":{"line":6,"column":31}},"5":{"start":{"line":9,"column":13},"end":{"line":23,"column":1}},"6":{"start":{"line":10,"column":17},"end":{"line":10,"column":27}},"7":{"start":{"line":12,"column":2},"end":{"line":14,"column":3}},"8":{"start":{"line":13,"column":4},"end":{"line":13,"column":61}},"9":{"start":{"line":16,"column":17},"end":{"line":16,"column":42}},"10":{"start":{"line":18,"column":2},"end":{"line":20,"column":3}},"11":{"start":{"line":19,"column":4},"end":{"line":19,"column":61}},"12":{"start":{"line":22,"column":2},"end":{"line":22,"column":31}},"13":{"start":{"line":25,"column":15},"end":{"line":35,"column":1}},"14":{"start":{"line":26,"column":39},"end":{"line":26,"column":47}},"15":{"start":{"line":29,"column":2},"end":{"line":34,"column":3}},"16":{"start":{"line":30,"column":19},"end":{"line":30,"column":68}},"17":{"start":{"line":31,"column":4},"end":{"line":31,"column":33}},"18":{"start":{"line":33,"column":4},"end":{"line":33,"column":51}},"19":{"start":{"line":37,"column":16},"end":{"line":51,"column":1}},"20":{"start":{"line":38,"column":17},"end":{"line":38,"column":27}},"21":{"start":{"line":40,"column":2},"end":{"line":42,"column":3}},"22":{"start":{"line":41,"column":4},"end":{"line":41,"column":61}},"23":{"start":{"line":44,"column":17},"end":{"line":44,"column":59}},"24":{"start":{"line":46,"column":2},"end":{"line":48,"column":3}},"25":{"start":{"line":47,"column":4},"end":{"line":47,"column":61}},"26":{"start":{"line":50,"column":2},"end":{"line":50,"column":31}},"27":{"start":{"line":53,"column":15},"end":{"line":72,"column":1}},"28":{"start":{"line":54,"column":17},"end":{"line":54,"column":27}},"29":{"start":{"line":56,"column":2},"end":{"line":58,"column":3}},"30":{"start":{"line":57,"column":4},"end":{"line":57,"column":61}},"31":{"start":{"line":60,"column":17},"end":{"line":65,"column":3}},"32":{"start":{"line":67,"column":2},"end":{"line":69,"column":3}},"33":{"start":{"line":68,"column":4},"end":{"line":68,"column":61}},"34":{"start":{"line":71,"column":2},"end":{"line":71,"column":31}},"35":{"start":{"line":74,"column":0},"end":{"line":80,"column":2}}},"fnMap":{"0":{"name":"(anonymous_0)","decl":{"start":{"line":4,"column":14},"end":{"line":4,"column":15}},"loc":{"start":{"line":4,"column":34},"end":{"line":7,"column":1}},"line":4},"1":{"name":"(anonymous_1)","decl":{"start":{"line":9,"column":13},"end":{"line":9,"column":14}},"loc":{"start":{"line":9,"column":33},"end":{"line":23,"column":1}},"line":9},"2":{"name":"(anonymous_2)","decl":{"start":{"line":25,"column":15},"end":{"line":25,"column":16}},"loc":{"start":{"line":25,"column":35},"end":{"line":35,"column":1}},"line":25},"3":{"name":"(anonymous_3)","decl":{"start":{"line":37,"column":16},"end":{"line":37,"column":17}},"loc":{"start":{"line":37,"column":36},"end":{"line":51,"column":1}},"line":37},"4":{"name":"(anonymous_4)","decl":{"start":{"line":53,"column":15},"end":{"line":53,"column":16}},"loc":{"start":{"line":53,"column":35},"end":{"line":72,"column":1}},"line":53}},"branchMap":{"0":{"loc":{"start":{"line":12,"column":2},"end":{"line":14,"column":3}},"type":"if","locations":[{"start":{"line":12,"column":2},"end":{"line":14,"column":3}},{"start":{},"end":{}}],"line":12},"1":{"loc":{"start":{"line":18,"column":2},"end":{"line":20,"column":3}},"type":"if","locations":[{"start":{"line":18,"column":2},"end":{"line":20,"column":3}},{"start":{},"end":{}}],"line":18},"2":{"loc":{"start":{"line":40,"column":2},"end":{"line":42,"column":3}},"type":"if","locations":[{"start":{"line":40,"column":2},"end":{"line":42,"column":3}},{"start":{},"end":{}}],"line":40},"3":{"loc":{"start":{"line":46,"column":2},"end":{"line":48,"column":3}},"type":"if","locations":[{"start":{"line":46,"column":2},"end":{"line":48,"column":3}},{"start":{},"end":{}}],"line":46},"4":{"loc":{"start":{"line":56,"column":2},"end":{"line":58,"column":3}},"type":"if","locations":[{"start":{"line":56,"column":2},"end":{"line":58,"column":3}},{"start":{},"end":{}}],"line":56},"5":{"loc":{"start":{"line":67,"column":2},"end":{"line":69,"column":3}},"type":"if","locations":[{"start":{"line":67,"column":2},"end":{"line":69,"column":3}},{"start":{},"end":{}}],"line":67}},"s":{"0":3,"1":3,"2":3,"3":1,"4":1,"5":3,"6":0,"7":0,"8":0,"9":0,"10":0,"11":0,"12":0,"13":3,"14":0,"15":0,"16":0,"17":0,"18":0,"19":3,"20":0,"21":0,"22":0,"23":0,"24":0,"25":0,"26":0,"27":3,"28":0,"29":0,"30":0,"31":0,"32":0,"33":0,"34":0,"35":3},"f":{"0":1,"1":0,"2":0,"3":0,"4":0},"b":{"0":[0,0],"1":[0,0],"2":[0,0],"3":[0,0],"4":[0,0],"5":[0,0]},"_coverageSchema":"1a1c01bbd47fc00a2c39e90264f33305004495a9","hash":"530e41dca18858703297b32e0243c04646db9047"}
,"/Users/bigupjoshua/Desktop/La_Fosse/LAP3/project-week/back_end/Reddy_3_2_Back_End-/controllers/userController.js": {"path":"/Users/bigupjoshua/Desktop/La_Fosse/LAP3/project-week/back_end/Reddy_3_2_Back_End-/controllers/userController.js","statementMap":{"0":{"start":{"line":1,"column":13},"end":{"line":1,"column":38}},"1":{"start":{"line":2,"column":12},"end":{"line":2,"column":35}},"2":{"start":{"line":3,"column":23},"end":{"line":3,"column":38}},"3":{"start":{"line":4,"column":0},"end":{"line":4,"column":27}},"4":{"start":{"line":7,"column":20},"end":{"line":12,"column":1}},"5":{"start":{"line":11,"column":2},"end":{"line":11,"column":70}},"6":{"start":{"line":14,"column":18},"end":{"line":26,"column":1}},"7":{"start":{"line":15,"column":28},"end":{"line":15,"column":36}},"8":{"start":{"line":17,"column":2},"end":{"line":25,"column":3}},"9":{"start":{"line":18,"column":17},"end":{"line":18,"column":50}},"10":{"start":{"line":20,"column":18},"end":{"line":20,"column":39}},"11":{"start":{"line":22,"column":4},"end":{"line":22,"column":40}},"12":{"start":{"line":24,"column":4},"end":{"line":24,"column":48}},"13":{"start":{"line":28,"column":19},"end":{"line":40,"column":3}},"14":{"start":{"line":29,"column":30},"end":{"line":29,"column":38}},"15":{"start":{"line":31,"column":4},"end":{"line":39,"column":5}},"16":{"start":{"line":32,"column":19},"end":{"line":32,"column":53}},"17":{"start":{"line":34,"column":20},"end":{"line":34,"column":41}},"18":{"start":{"line":36,"column":6},"end":{"line":36,"column":42}},"19":{"start":{"line":38,"column":6},"end":{"line":38,"column":50}},"20":{"start":{"line":42,"column":0},"end":{"line":42,"column":55}}},"fnMap":{"0":{"name":"(anonymous_0)","decl":{"start":{"line":7,"column":20},"end":{"line":7,"column":21}},"loc":{"start":{"line":7,"column":29},"end":{"line":12,"column":1}},"line":7},"1":{"name":"(anonymous_1)","decl":{"start":{"line":14,"column":18},"end":{"line":14,"column":19}},"loc":{"start":{"line":14,"column":38},"end":{"line":26,"column":1}},"line":14},"2":{"name":"(anonymous_2)","decl":{"start":{"line":28,"column":19},"end":{"line":28,"column":20}},"loc":{"start":{"line":28,"column":39},"end":{"line":40,"column":3}},"line":28}},"branchMap":{},"s":{"0":3,"1":3,"2":3,"3":3,"4":3,"5":0,"6":3,"7":0,"8":0,"9":0,"10":0,"11":0,"12":0,"13":3,"14":0,"15":0,"16":0,"17":0,"18":0,"19":0,"20":3},"f":{"0":0,"1":0,"2":0},"b":{},"_coverageSchema":"1a1c01bbd47fc00a2c39e90264f33305004495a9","hash":"e516f519336daabed2e7661be26bcdfd405416c2"}
,"/Users/bigupjoshua/Desktop/La_Fosse/LAP3/project-week/back_end/Reddy_3_2_Back_End-/middleware/requireAuth.js": {"path":"/Users/bigupjoshua/Desktop/La_Fosse/LAP3/project-week/back_end/Reddy_3_2_Back_End-/middleware/requireAuth.js","statementMap":{"0":{"start":{"line":1,"column":12},"end":{"line":1,"column":35}},"1":{"start":{"line":2,"column":13},"end":{"line":2,"column":38}},"2":{"start":{"line":7,"column":20},"end":{"line":29,"column":1}},"3":{"start":{"line":9,"column":28},"end":{"line":9,"column":39}},"4":{"start":{"line":11,"column":2},"end":{"line":13,"column":3}},"5":{"start":{"line":12,"column":4},"end":{"line":12,"column":92}},"6":{"start":{"line":15,"column":16},"end":{"line":15,"column":43}},"7":{"start":{"line":17,"column":2},"end":{"line":28,"column":3}},"8":{"start":{"line":20,"column":20},"end":{"line":20,"column":62}},"9":{"start":{"line":22,"column":4},"end":{"line":22,"column":56}},"10":{"start":{"line":23,"column":4},"end":{"line":23,"column":10}},"11":{"start":{"line":26,"column":4},"end":{"line":26,"column":22}},"12":{"start":{"line":27,"column":4},"end":{"line":27,"column":62}},"13":{"start":{"line":31,"column":0},"end":{"line":31,"column":28}}},"fnMap":{"0":{"name":"(anonymous_0)","decl":{"start":{"line":7,"column":20},"end":{"line":7,"column":21}},"loc":{"start":{"line":7,"column":46},"end":{"line":29,"column":1}},"line":7}},"branchMap":{"0":{"loc":{"start":{"line":11,"column":2},"end":{"line":13,"column":3}},"type":"if","locations":[{"start":{"line":11,"column":2},"end":{"line":13,"column":3}},{"start":{},"end":{}}],"line":11}},"s":{"0":3,"1":3,"2":3,"3":8,"4":8,"5":0,"6":8,"7":8,"8":8,"9":8,"10":8,"11":0,"12":0,"13":3},"f":{"0":8},"b":{"0":[0,8]},"_coverageSchema":"1a1c01bbd47fc00a2c39e90264f33305004495a9","hash":"c56e6aeeea4fa2b0856222e18eca503451107c42"}
,"/Users/bigupjoshua/Desktop/La_Fosse/LAP3/project-week/back_end/Reddy_3_2_Back_End-/models/Comments.js": {"path":"/Users/bigupjoshua/Desktop/La_Fosse/LAP3/project-week/back_end/Reddy_3_2_Back_End-/models/Comments.js","statementMap":{"0":{"start":{"line":1,"column":17},"end":{"line":1,"column":36}},"1":{"start":{"line":3,"column":15},"end":{"line":3,"column":30}},"2":{"start":{"line":5,"column":23},"end":{"line":21,"column":6}},"3":{"start":{"line":23,"column":0},"end":{"line":23,"column":59}}},"fnMap":{},"branchMap":{},"s":{"0":3,"1":3,"2":3,"3":3},"f":{},"b":{},"_coverageSchema":"1a1c01bbd47fc00a2c39e90264f33305004495a9","hash":"038b99589bf17b39bffe46ed342e07e72659aabd"}
,"/Users/bigupjoshua/Desktop/La_Fosse/LAP3/project-week/back_end/Reddy_3_2_Back_End-/models/FlashCards.js": {"path":"/Users/bigupjoshua/Desktop/La_Fosse/LAP3/project-week/back_end/Reddy_3_2_Back_End-/models/FlashCards.js","statementMap":{"0":{"start":{"line":1,"column":17},"end":{"line":1,"column":36}},"1":{"start":{"line":3,"column":15},"end":{"line":3,"column":30}},"2":{"start":{"line":5,"column":24},"end":{"line":29,"column":6}},"3":{"start":{"line":31,"column":0},"end":{"line":31,"column":61}}},"fnMap":{},"branchMap":{},"s":{"0":3,"1":3,"2":3,"3":3},"f":{},"b":{},"_coverageSchema":"1a1c01bbd47fc00a2c39e90264f33305004495a9","hash":"06331847a0e1f9d925cc8f7d4881437592199726"}
,"/Users/bigupjoshua/Desktop/La_Fosse/LAP3/project-week/back_end/Reddy_3_2_Back_End-/models/FlashStacks.js": {"path":"/Users/bigupjoshua/Desktop/La_Fosse/LAP3/project-week/back_end/Reddy_3_2_Back_End-/models/FlashStacks.js","statementMap":{"0":{"start":{"line":1,"column":17},"end":{"line":1,"column":36}},"1":{"start":{"line":3,"column":15},"end":{"line":3,"column":30}},"2":{"start":{"line":5,"column":26},"end":{"line":31,"column":6}},"3":{"start":{"line":33,"column":0},"end":{"line":33,"column":64}}},"fnMap":{},"branchMap":{},"s":{"0":3,"1":3,"2":3,"3":3},"f":{},"b":{},"_coverageSchema":"1a1c01bbd47fc00a2c39e90264f33305004495a9","hash":"d3a9183d1bc5e41d46a8216b90a8d50ab79bf427"}
,"/Users/bigupjoshua/Desktop/La_Fosse/LAP3/project-week/back_end/Reddy_3_2_Back_End-/models/Thread.js": {"path":"/Users/bigupjoshua/Desktop/La_Fosse/LAP3/project-week/back_end/Reddy_3_2_Back_End-/models/Thread.js","statementMap":{"0":{"start":{"line":1,"column":17},"end":{"line":1,"column":36}},"1":{"start":{"line":3,"column":15},"end":{"line":3,"column":30}},"2":{"start":{"line":4,"column":21},"end":{"line":23,"column":1}},"3":{"start":{"line":25,"column":0},"end":{"line":25,"column":61}}},"fnMap":{},"branchMap":{},"s":{"0":3,"1":3,"2":3,"3":3},"f":{},"b":{},"_coverageSchema":"1a1c01bbd47fc00a2c39e90264f33305004495a9","hash":"d9c1c25126af9e1cd6ff4c66e3446d83a3ae6769"}
,"/Users/bigupjoshua/Desktop/La_Fosse/LAP3/project-week/back_end/Reddy_3_2_Back_End-/models/User.js": {"path":"/Users/bigupjoshua/Desktop/La_Fosse/LAP3/project-week/back_end/Reddy_3_2_Back_End-/models/User.js","statementMap":{"0":{"start":{"line":1,"column":17},"end":{"line":1,"column":36}},"1":{"start":{"line":2,"column":15},"end":{"line":2,"column":32}},"2":{"start":{"line":3,"column":18},"end":{"line":3,"column":38}},"3":{"start":{"line":4,"column":0},"end":{"line":4,"column":27}},"4":{"start":{"line":6,"column":15},"end":{"line":6,"column":30}},"5":{"start":{"line":8,"column":19},"end":{"line":18,"column":4}},"6":{"start":{"line":20,"column":0},"end":{"line":44,"column":1}},"7":{"start":{"line":22,"column":4},"end":{"line":24,"column":5}},"8":{"start":{"line":23,"column":6},"end":{"line":23,"column":58}},"9":{"start":{"line":25,"column":4},"end":{"line":27,"column":5}},"10":{"start":{"line":26,"column":6},"end":{"line":26,"column":53}},"11":{"start":{"line":28,"column":4},"end":{"line":30,"column":5}},"12":{"start":{"line":29,"column":6},"end":{"line":29,"column":48}},"13":{"start":{"line":32,"column":19},"end":{"line":32,"column":48}},"14":{"start":{"line":34,"column":4},"end":{"line":36,"column":7}},"15":{"start":{"line":35,"column":8},"end":{"line":35,"column":43}},"16":{"start":{"line":38,"column":19},"end":{"line":38,"column":67}},"17":{"start":{"line":39,"column":19},"end":{"line":39,"column":52}},"18":{"start":{"line":41,"column":19},"end":{"line":41,"column":63}},"19":{"start":{"line":43,"column":6},"end":{"line":43,"column":17}},"20":{"start":{"line":46,"column":0},"end":{"line":63,"column":1}},"21":{"start":{"line":48,"column":2},"end":{"line":50,"column":3}},"22":{"start":{"line":49,"column":4},"end":{"line":49,"column":56}},"23":{"start":{"line":52,"column":15},"end":{"line":52,"column":44}},"24":{"start":{"line":53,"column":2},"end":{"line":55,"column":3}},"25":{"start":{"line":54,"column":4},"end":{"line":54,"column":51}},"26":{"start":{"line":57,"column":16},"end":{"line":57,"column":61}},"27":{"start":{"line":58,"column":2},"end":{"line":60,"column":3}},"28":{"start":{"line":59,"column":4},"end":{"line":59,"column":37}},"29":{"start":{"line":62,"column":2},"end":{"line":62,"column":13}},"30":{"start":{"line":65,"column":0},"end":{"line":65,"column":51}}},"fnMap":{"0":{"name":"(anonymous_0)","decl":{"start":{"line":20,"column":28},"end":{"line":20,"column":29}},"loc":{"start":{"line":20,"column":63},"end":{"line":44,"column":1}},"line":20},"1":{"name":"(anonymous_1)","decl":{"start":{"line":46,"column":27},"end":{"line":46,"column":28}},"loc":{"start":{"line":46,"column":59},"end":{"line":63,"column":1}},"line":46}},"branchMap":{"0":{"loc":{"start":{"line":22,"column":4},"end":{"line":24,"column":5}},"type":"if","locations":[{"start":{"line":22,"column":4},"end":{"line":24,"column":5}},{"start":{},"end":{}}],"line":22},"1":{"loc":{"start":{"line":22,"column":8},"end":{"line":22,"column":27}},"type":"binary-expr","locations":[{"start":{"line":22,"column":8},"end":{"line":22,"column":14}},{"start":{"line":22,"column":18},"end":{"line":22,"column":27}}],"line":22},"2":{"loc":{"start":{"line":25,"column":4},"end":{"line":27,"column":5}},"type":"if","locations":[{"start":{"line":25,"column":4},"end":{"line":27,"column":5}},{"start":{},"end":{}}],"line":25},"3":{"loc":{"start":{"line":28,"column":4},"end":{"line":30,"column":5}},"type":"if","locations":[{"start":{"line":28,"column":4},"end":{"line":30,"column":5}},{"start":{},"end":{}}],"line":28},"4":{"loc":{"start":{"line":34,"column":4},"end":{"line":36,"column":7}},"type":"if","locations":[{"start":{"line":34,"column":4},"end":{"line":36,"column":7}},{"start":{},"end":{}}],"line":34},"5":{"loc":{"start":{"line":48,"column":2},"end":{"line":50,"column":3}},"type":"if","locations":[{"start":{"line":48,"column":2},"end":{"line":50,"column":3}},{"start":{},"end":{}}],"line":48},"6":{"loc":{"start":{"line":48,"column":6},"end":{"line":48,"column":25}},"type":"binary-expr","locations":[{"start":{"line":48,"column":6},"end":{"line":48,"column":12}},{"start":{"line":48,"column":16},"end":{"line":48,"column":25}}],"line":48},"7":{"loc":{"start":{"line":53,"column":2},"end":{"line":55,"column":3}},"type":"if","locations":[{"start":{"line":53,"column":2},"end":{"line":55,"column":3}},{"start":{},"end":{}}],"line":53},"8":{"loc":{"start":{"line":58,"column":2},"end":{"line":60,"column":3}},"type":"if","locations":[{"start":{"line":58,"column":2},"end":{"line":60,"column":3}},{"start":{},"end":{}}],"line":58}},"s":{"0":3,"1":3,"2":3,"3":3,"4":3,"5":3,"6":3,"7":0,"8":0,"9":0,"10":0,"11":0,"12":0,"13":0,"14":0,"15":0,"16":0,"17":0,"18":0,"19":0,"20":3,"21":0,"22":0,"23":0,"24":0,"25":0,"26":0,"27":0,"28":0,"29":0,"30":3},"f":{"0":0,"1":0},"b":{"0":[0,0],"1":[0,0],"2":[0,0],"3":[0,0],"4":[0,0],"5":[0,0],"6":[0,0],"7":[0,0],"8":[0,0]},"_coverageSchema":"1a1c01bbd47fc00a2c39e90264f33305004495a9","hash":"1bb4eb7ca7426c4f1658e9a464c1cbd9e5d811ae"}
,"/Users/bigupjoshua/Desktop/La_Fosse/LAP3/project-week/back_end/Reddy_3_2_Back_End-/routes/comments.js": {"path":"/Users/bigupjoshua/Desktop/La_Fosse/LAP3/project-week/back_end/Reddy_3_2_Back_End-/routes/comments.js","statementMap":{"0":{"start":{"line":1,"column":16},"end":{"line":1,"column":34}},"1":{"start":{"line":2,"column":15},"end":{"line":2,"column":31}},"2":{"start":{"line":4,"column":27},"end":{"line":4,"column":71}},"3":{"start":{"line":6,"column":20},"end":{"line":6,"column":56}},"4":{"start":{"line":7,"column":0},"end":{"line":7,"column":23}},"5":{"start":{"line":9,"column":0},"end":{"line":9,"column":41}},"6":{"start":{"line":10,"column":0},"end":{"line":10,"column":49}},"7":{"start":{"line":11,"column":0},"end":{"line":11,"column":43}},"8":{"start":{"line":12,"column":0},"end":{"line":12,"column":55}},"9":{"start":{"line":13,"column":0},"end":{"line":13,"column":54}},"10":{"start":{"line":15,"column":0},"end":{"line":15,"column":23}}},"fnMap":{},"branchMap":{},"s":{"0":3,"1":3,"2":3,"3":3,"4":3,"5":3,"6":3,"7":3,"8":3,"9":3,"10":3},"f":{},"b":{},"_coverageSchema":"1a1c01bbd47fc00a2c39e90264f33305004495a9","hash":"b48716fa4b3ac51ca56ed795162c58ee313f83d8"}
,"/Users/bigupjoshua/Desktop/La_Fosse/LAP3/project-week/back_end/Reddy_3_2_Back_End-/routes/flashCards.js": {"path":"/Users/bigupjoshua/Desktop/La_Fosse/LAP3/project-week/back_end/Reddy_3_2_Back_End-/routes/flashCards.js","statementMap":{"0":{"start":{"line":1,"column":16},"end":{"line":1,"column":34}},"1":{"start":{"line":3,"column":28},"end":{"line":3,"column":74}},"2":{"start":{"line":5,"column":15},"end":{"line":5,"column":31}},"3":{"start":{"line":8,"column":20},"end":{"line":8,"column":56}},"4":{"start":{"line":9,"column":0},"end":{"line":9,"column":23}},"5":{"start":{"line":11,"column":0},"end":{"line":11,"column":43}},"6":{"start":{"line":12,"column":0},"end":{"line":12,"column":47}},"7":{"start":{"line":13,"column":0},"end":{"line":13,"column":51}},"8":{"start":{"line":14,"column":0},"end":{"line":14,"column":52}},"9":{"start":{"line":15,"column":0},"end":{"line":15,"column":54}},"10":{"start":{"line":17,"column":0},"end":{"line":17,"column":23}}},"fnMap":{},"branchMap":{},"s":{"0":3,"1":3,"2":3,"3":3,"4":3,"5":3,"6":3,"7":3,"8":3,"9":3,"10":3},"f":{},"b":{},"_coverageSchema":"1a1c01bbd47fc00a2c39e90264f33305004495a9","hash":"e8b691ea23c034c8043bc6150ec7c0de70212bdf"}
,"/Users/bigupjoshua/Desktop/La_Fosse/LAP3/project-week/back_end/Reddy_3_2_Back_End-/routes/flashStacks.js": {"path":"/Users/bigupjoshua/Desktop/La_Fosse/LAP3/project-week/back_end/Reddy_3_2_Back_End-/routes/flashStacks.js","statementMap":{"0":{"start":{"line":1,"column":16},"end":{"line":1,"column":34}},"1":{"start":{"line":2,"column":15},"end":{"line":2,"column":31}},"2":{"start":{"line":4,"column":29},"end":{"line":4,"column":75}},"3":{"start":{"line":7,"column":20},"end":{"line":7,"column":56}},"4":{"start":{"line":8,"column":0},"end":{"line":8,"column":23}},"5":{"start":{"line":10,"column":0},"end":{"line":10,"column":43}},"6":{"start":{"line":12,"column":0},"end":{"line":12,"column":45}},"7":{"start":{"line":13,"column":0},"end":{"line":13,"column":45}},"8":{"start":{"line":14,"column":0},"end":{"line":14,"column":51}},"9":{"start":{"line":15,"column":0},"end":{"line":15,"column":49}},"10":{"start":{"line":17,"column":0},"end":{"line":17,"column":23}}},"fnMap":{},"branchMap":{},"s":{"0":3,"1":3,"2":3,"3":3,"4":3,"5":3,"6":3,"7":3,"8":3,"9":3,"10":3},"f":{},"b":{},"_coverageSchema":"1a1c01bbd47fc00a2c39e90264f33305004495a9","hash":"6ed5301e1734e5fd0c2ac74ae677630ac32145b2"}
,"/Users/bigupjoshua/Desktop/La_Fosse/LAP3/project-week/back_end/Reddy_3_2_Back_End-/routes/thread.js": {"path":"/Users/bigupjoshua/Desktop/La_Fosse/LAP3/project-week/back_end/Reddy_3_2_Back_End-/routes/thread.js","statementMap":{"0":{"start":{"line":1,"column":16},"end":{"line":1,"column":34}},"1":{"start":{"line":2,"column":15},"end":{"line":2,"column":31}},"2":{"start":{"line":4,"column":25},"end":{"line":4,"column":67}},"3":{"start":{"line":6,"column":20},"end":{"line":6,"column":56}},"4":{"start":{"line":7,"column":0},"end":{"line":7,"column":23}},"5":{"start":{"line":9,"column":0},"end":{"line":9,"column":40}},"6":{"start":{"line":10,"column":0},"end":{"line":10,"column":42}},"7":{"start":{"line":11,"column":0},"end":{"line":11,"column":42}},"8":{"start":{"line":12,"column":0},"end":{"line":12,"column":48}},"9":{"start":{"line":13,"column":0},"end":{"line":13,"column":46}},"10":{"start":{"line":15,"column":0},"end":{"line":15,"column":24}}},"fnMap":{},"branchMap":{},"s":{"0":3,"1":3,"2":3,"3":3,"4":3,"5":3,"6":3,"7":3,"8":3,"9":3,"10":3},"f":{},"b":{},"_coverageSchema":"1a1c01bbd47fc00a2c39e90264f33305004495a9","hash":"18484bfda26ca74e1bfc0ff020b11e42451ef0b8"}
,"/Users/bigupjoshua/Desktop/La_Fosse/LAP3/project-week/back_end/Reddy_3_2_Back_End-/routes/users.js": {"path":"/Users/bigupjoshua/Desktop/La_Fosse/LAP3/project-week/back_end/Reddy_3_2_Back_End-/routes/users.js","statementMap":{"0":{"start":{"line":1,"column":16},"end":{"line":1,"column":34}},"1":{"start":{"line":2,"column":15},"end":{"line":2,"column":31}},"2":{"start":{"line":4,"column":23},"end":{"line":4,"column":63}},"3":{"start":{"line":5,"column":0},"end":{"line":5,"column":47}},"4":{"start":{"line":6,"column":0},"end":{"line":6,"column":49}},"5":{"start":{"line":9,"column":0},"end":{"line":9,"column":23}}},"fnMap":{},"branchMap":{},"s":{"0":3,"1":3,"2":3,"3":3,"4":3,"5":3},"f":{},"b":{},"_coverageSchema":"1a1c01bbd47fc00a2c39e90264f33305004495a9","hash":"5d83c55a49f987600b736a60bae301b8928bb7bd"}
}
