TN:
SF:server.js
FN:20,(anonymous_0)
FNF:1
FNH:0
FNDA:0,(anonymous_0)
DA:1,5
DA:3,5
DA:4,5
DA:6,5
DA:8,5
DA:9,5
DA:12,5
DA:13,5
DA:14,5
DA:15,5
DA:16,5
DA:20,5
DA:21,0
DA:24,5
DA:25,5
DA:26,5
DA:27,5
DA:28,5
DA:33,5
LF:19
LH:18
BRF:0
BRH:0
end_of_record
TN:
SF:controllers\commentsController.js
FN:5,(anonymous_0)
FN:10,(anonymous_1)
FN:22,(anonymous_2)
FN:33,(anonymous_3)
FN:44,(anonymous_4)
FNF:5
FNH:4
FNDA:1,(anonymous_0)
FNDA:1,(anonymous_1)
FNDA:1,(anonymous_2)
FNDA:1,(anonymous_3)
FNDA:0,(anonymous_4)
DA:1,5
DA:2,5
DA:5,5
DA:6,1
DA:7,1
DA:10,5
DA:11,1
DA:13,1
DA:15,1
DA:16,0
DA:19,1
DA:22,5
DA:23,1
DA:25,1
DA:26,1
DA:27,1
DA:29,0
DA:33,5
DA:34,1
DA:36,1
DA:37,1
DA:38,1
DA:40,0
DA:44,5
DA:45,0
DA:47,0
DA:49,0
DA:53,5
LF:28
LH:22
BRDA:15,0,0,0
BRDA:15,0,1,1
BRF:2
BRH:1
end_of_record
TN:
SF:controllers\flashCardsController.js
FN:4,(anonymous_0)
FN:9,(anonymous_1)
FN:20,(anonymous_2)
FN:32,(anonymous_3)
FN:53,(anonymous_4)
FNF:5
FNH:5
FNDA:1,(anonymous_0)
FNDA:1,(anonymous_1)
FNDA:1,(anonymous_2)
FNDA:1,(anonymous_3)
FNDA:1,(anonymous_4)
DA:1,5
DA:2,5
DA:4,5
DA:5,1
DA:6,1
DA:9,5
DA:10,1
DA:11,1
DA:13,1
DA:14,0
DA:16,1
DA:20,5
DA:21,1
DA:22,1
DA:23,1
DA:24,1
DA:27,0
DA:32,5
DA:33,1
DA:35,1
DA:36,0
DA:39,1
DA:44,1
DA:45,0
DA:47,1
DA:53,5
DA:54,1
DA:56,1
DA:57,0
DA:59,1
DA:61,1
DA:62,1
DA:64,0
DA:67,5
LF:34
LH:28
BRDA:13,0,0,0
BRDA:13,0,1,1
BRDA:35,1,0,0
BRDA:35,1,1,1
BRDA:44,2,0,0
BRDA:44,2,1,1
BRDA:56,3,0,0
BRDA:56,3,1,1
BRDA:61,4,0,1
BRDA:61,4,1,0
BRF:10
BRH:5
end_of_record
TN:
SF:controllers\flashStackController.js
FN:4,(anonymous_0)
FN:11,(anonymous_1)
FN:24,(anonymous_2)
FN:38,(anonymous_3)
FN:51,(anonymous_4)
FNF:5
FNH:3
FNDA:2,(anonymous_0)
FNDA:2,(anonymous_1)
FNDA:2,(anonymous_2)
FNDA:0,(anonymous_3)
FNDA:0,(anonymous_4)
DA:1,5
DA:2,5
DA:4,5
DA:6,2
DA:7,2
DA:8,2
DA:11,5
DA:12,2
DA:13,2
DA:16,2
DA:17,2
DA:18,2
DA:20,0
DA:24,5
DA:25,2
DA:27,2
DA:28,1
DA:31,1
DA:32,1
DA:33,0
DA:35,1
DA:38,5
DA:39,0
DA:40,0
DA:41,0
DA:44,0
DA:45,0
DA:46,0
DA:48,0
DA:51,5
DA:52,0
DA:53,0
DA:54,0
DA:57,0
DA:61,0
DA:62,0
DA:64,0
DA:67,5
LF:38
LH:22
BRDA:27,0,0,1
BRDA:27,0,1,1
BRDA:32,1,0,0
BRDA:32,1,1,1
BRDA:40,2,0,0
BRDA:40,2,1,0
BRDA:45,3,0,0
BRDA:45,3,1,0
BRDA:53,4,0,0
BRDA:53,4,1,0
BRDA:61,5,0,0
BRDA:61,5,1,0
BRF:12
BRH:3
end_of_record
TN:
SF:controllers\threadController.js
FN:4,(anonymous_0)
FN:9,(anonymous_1)
FN:25,(anonymous_2)
FN:37,(anonymous_3)
FN:53,(anonymous_4)
FNF:5
FNH:1
FNDA:1,(anonymous_0)
FNDA:0,(anonymous_1)
FNDA:0,(anonymous_2)
FNDA:0,(anonymous_3)
FNDA:0,(anonymous_4)
DA:1,5
DA:2,5
DA:4,5
DA:5,1
DA:6,1
DA:9,5
DA:10,0
DA:12,0
DA:13,0
DA:16,0
DA:18,0
DA:19,0
DA:22,0
DA:25,5
DA:26,0
DA:29,0
DA:30,0
DA:31,0
DA:33,0
DA:37,5
DA:38,0
DA:40,0
DA:41,0
DA:44,0
DA:46,0
DA:47,0
DA:50,0
DA:53,5
DA:54,0
DA:56,0
DA:57,0
DA:60,0
DA:67,0
DA:68,0
DA:71,0
DA:74,5
LF:36
LH:10
BRDA:12,0,0,0
BRDA:12,0,1,0
BRDA:18,1,0,0
BRDA:18,1,1,0
BRDA:40,2,0,0
BRDA:40,2,1,0
BRDA:46,3,0,0
BRDA:46,3,1,0
BRDA:56,4,0,0
BRDA:56,4,1,0
BRDA:67,5,0,0
BRDA:67,5,1,0
BRF:12
BRH:0
end_of_record
TN:
SF:controllers\userController.js
FN:7,(anonymous_0)
FN:14,(anonymous_1)
FN:28,(anonymous_2)
FNF:3
FNH:0
FNDA:0,(anonymous_0)
FNDA:0,(anonymous_1)
FNDA:0,(anonymous_2)
DA:1,5
DA:2,5
DA:3,5
DA:4,5
DA:7,5
DA:11,0
DA:14,5
DA:15,0
DA:17,0
DA:18,0
DA:20,0
DA:22,0
DA:24,0
DA:28,5
DA:29,0
DA:31,0
DA:32,0
DA:34,0
DA:36,0
DA:38,0
DA:42,5
LF:21
LH:8
BRF:0
BRH:0
end_of_record
TN:
SF:middleware\requireAuth.js
FN:7,(anonymous_0)
FNF:1
FNH:1
FNDA:17,(anonymous_0)
DA:1,5
DA:2,5
DA:7,5
DA:9,17
DA:11,17
DA:12,1
DA:15,16
DA:17,16
DA:20,16
DA:22,16
DA:23,16
DA:26,0
DA:27,0
DA:31,5
LF:14
LH:12
BRDA:11,0,0,1
BRDA:11,0,1,16
BRF:2
BRH:2
end_of_record
TN:
SF:models\Comments.js
FNF:0
FNH:0
DA:1,5
DA:3,5
DA:5,5
DA:23,5
LF:4
LH:4
BRF:0
BRH:0
end_of_record
TN:
SF:models\FlashCards.js
FNF:0
FNH:0
DA:1,5
DA:3,5
DA:5,5
DA:31,5
LF:4
LH:4
BRF:0
BRH:0
end_of_record
TN:
SF:models\FlashStacks.js
FNF:0
FNH:0
DA:1,5
DA:3,5
DA:5,5
DA:33,5
LF:4
LH:4
BRF:0
BRH:0
end_of_record
TN:
SF:models\Thread.js
FNF:0
FNH:0
DA:1,5
DA:3,5
DA:4,5
DA:25,5
LF:4
LH:4
BRF:0
BRH:0
end_of_record
TN:
SF:models\User.js
FN:20,(anonymous_0)
FN:46,(anonymous_1)
FNF:2
FNH:0
FNDA:0,(anonymous_0)
FNDA:0,(anonymous_1)
DA:1,5
DA:2,5
DA:3,5
DA:4,5
DA:6,5
DA:8,5
DA:20,5
DA:22,0
DA:23,0
DA:25,0
DA:26,0
DA:28,0
DA:29,0
DA:32,0
DA:34,0
DA:35,0
DA:38,0
DA:39,0
DA:41,0
DA:43,0
DA:46,5
DA:48,0
DA:49,0
DA:52,0
DA:53,0
DA:54,0
DA:57,0
DA:58,0
DA:59,0
DA:62,0
DA:65,5
LF:31
LH:9
BRDA:22,0,0,0
BRDA:22,0,1,0
BRDA:22,1,0,0
BRDA:22,1,1,0
BRDA:25,2,0,0
BRDA:25,2,1,0
BRDA:28,3,0,0
BRDA:28,3,1,0
BRDA:34,4,0,0
BRDA:34,4,1,0
BRDA:48,5,0,0
BRDA:48,5,1,0
BRDA:48,6,0,0
BRDA:48,6,1,0
BRDA:53,7,0,0
BRDA:53,7,1,0
BRDA:58,8,0,0
BRDA:58,8,1,0
BRF:18
BRH:0
end_of_record
TN:
SF:routes\comments.js
FNF:0
FNH:0
DA:1,5
DA:2,5
DA:4,5
DA:6,5
DA:7,5
DA:9,5
DA:10,5
DA:11,5
DA:12,5
DA:13,5
DA:15,5
LF:11
LH:11
BRF:0
BRH:0
end_of_record
TN:
SF:routes\flashCards.js
FNF:0
FNH:0
DA:1,5
DA:3,5
DA:5,5
DA:8,5
DA:9,5
DA:11,5
DA:12,5
DA:13,5
DA:14,5
DA:15,5
DA:17,5
LF:11
LH:11
BRF:0
BRH:0
end_of_record
TN:
SF:routes\flashStacks.js
FNF:0
FNH:0
DA:1,5
DA:2,5
DA:4,5
DA:7,5
DA:8,5
DA:10,5
DA:12,5
DA:13,5
DA:14,5
DA:15,5
DA:17,5
LF:11
LH:11
BRF:0
BRH:0
end_of_record
TN:
SF:routes\thread.js
FNF:0
FNH:0
DA:1,5
DA:2,5
DA:4,5
DA:6,5
DA:7,5
DA:9,5
DA:10,5
DA:11,5
DA:12,5
DA:13,5
DA:15,5
LF:11
LH:11
BRF:0
BRH:0
end_of_record
TN:
SF:routes\users.js
FNF:0
FNH:0
DA:1,5
DA:2,5
DA:4,5
DA:5,5
DA:6,5
DA:9,5
LF:6
LH:6
BRF:0
BRH:0
end_of_record
